\BOOKMARK [0][-]{chapter.1}{Introduction}{}% 1
\BOOKMARK [1][-]{section.1.1}{Problem\040Definition}{chapter.1}% 2
\BOOKMARK [1][-]{section.1.2}{Related\040Work}{chapter.1}% 3
\BOOKMARK [0][-]{chapter.2}{Technological\040Background}{}% 4
\BOOKMARK [1][-]{section.2.1}{C++\040and\040Bonobo\040Framework}{chapter.2}% 5
\BOOKMARK [0][-]{chapter.3}{Short\040on\040Formatting}{}% 6
\BOOKMARK [1][-]{section.3.1}{Page\040Size\040and\040Margins}{chapter.3}% 7
\BOOKMARK [1][-]{section.3.2}{Typeface\040and\040Font\040Sizes}{chapter.3}% 8
\BOOKMARK [2][-]{subsection.3.2.1}{Headers\040and\040Footers}{section.3.2}% 9
\BOOKMARK [2][-]{subsection.3.2.2}{Chapters,\040Sections,\040Paragraphs}{section.3.2}% 10
\BOOKMARK [2][-]{subsection.3.2.3}{Tables}{section.3.2}% 11
\BOOKMARK [2][-]{subsection.3.2.4}{Figures}{section.3.2}% 12
\BOOKMARK [1][-]{section.3.3}{Mathematical\040Formulae\040and\040Equations}{chapter.3}% 13
\BOOKMARK [1][-]{section.3.4}{References}{chapter.3}% 14
\BOOKMARK [1][-]{section.3.5}{Colours}{chapter.3}% 15
\BOOKMARK [0][-]{chapter.4}{Language}{}% 16
\BOOKMARK [1][-]{section.4.1}{Style\040Elements}{chapter.4}% 17
\BOOKMARK [0][-]{chapter.5}{Structure}{}% 18
\BOOKMARK [0][-]{section*.12}{Bibliography}{}% 19
\BOOKMARK [0][-]{Appendix.a.A}{Appendix\040About\040This\040Document}{}% 20
\BOOKMARK [0][-]{Appendix.a.B}{Appendix\040List\040of\040Changes}{}% 21
