\BOOKMARK [0][-]{chapter.1}{Introducción}{}% 1
\BOOKMARK [1][-]{section.1.1}{Definición del Problema}{chapter.1}% 2
\BOOKMARK [1][-]{section.1.2}{Trabajos\040Relacionados}{chapter.1}% 3
\BOOKMARK [1][-]{section.1.3}{Contribución}{chapter.1}% 4
\BOOKMARK [0][-]{chapter.2}{Marco Tecnológico}{}% 5
\BOOKMARK [1][-]{section.2.1}{C++\040y\040el\040Bonobo\040Framework}{chapter.2}% 6
\BOOKMARK [1][-]{section.2.2}{OpenGL\040y\040GLSL}{chapter.2}% 7
\BOOKMARK [1][-]{section.2.3}{MATLAB}{chapter.2}% 8
\BOOKMARK [0][-]{chapter.3}{Marco Teórico}{}% 9
\BOOKMARK [1][-]{section.3.1}{Canal\040de\040Renderizado}{chapter.3}% 10
\BOOKMARK [1][-]{section.3.2}{Proceso de Rasterización}{chapter.3}% 11
\BOOKMARK [1][-]{section.3.3}{El\040Problema\040del\040Aliasing}{chapter.3}% 12
\BOOKMARK [1][-]{section.3.4}{Mapeado\040de\040Sombras\040y\040la\040Arquitectura\040de\040Coloreado\040Diferido}{chapter.3}% 13
\BOOKMARK [1][-]{section.3.5}{Anti-Aliasing}{chapter.3}% 14
\BOOKMARK [2][-]{subsection.3.5.1}{Super\040Sampling\040Anti-Aliasing\040\(SSAA\)}{section.3.5}% 15
\BOOKMARK [2][-]{subsection.3.5.2}{Multi\040Sample\040Anti-Aliasing\040\(MSAA\)}{section.3.5}% 16
\BOOKMARK [2][-]{subsection.3.5.3}{Fast\040Approximate\040Anti-Aliasing\040\(FXAA\)}{section.3.5}% 17
\BOOKMARK [2][-]{subsection.3.5.4}{Enhanced\040Subpixel\040Morphological\040Antialiasing\040\(SMAA\)}{section.3.5}% 18
\BOOKMARK [1][-]{section.3.6}{Temporal\040Anti-Aliasing}{chapter.3}% 19
\BOOKMARK [2][-]{subsection.3.6.1}{Camera\040Jittering}{section.3.6}% 20
\BOOKMARK [2][-]{subsection.3.6.2}{Velocity\040Buffer}{section.3.6}% 21
\BOOKMARK [2][-]{subsection.3.6.3}{Frame\040History\040Buffer}{section.3.6}% 22
\BOOKMARK [2][-]{subsection.3.6.4}{Clipping\040Color\040Box}{section.3.6}% 23
\BOOKMARK [2][-]{subsection.3.6.5}{Sharpen\040Filter}{section.3.6}% 24
\BOOKMARK [2][-]{subsection.3.6.6}{Motion\040Blur}{section.3.6}% 25
\BOOKMARK [2][-]{subsection.3.6.7}{Problems}{section.3.6}% 26
\BOOKMARK [1][-]{section.3.7}{Accumulation\040Buffer}{chapter.3}% 27
\BOOKMARK [1][-]{section.3.8}{Sobel\040Operator}{chapter.3}% 28
\BOOKMARK [1][-]{section.3.9}{Image\040Metrics}{chapter.3}% 29
\BOOKMARK [2][-]{subsection.3.9.1}{Mean\040Square\040Error\040\(MSE\)}{section.3.9}% 30
\BOOKMARK [2][-]{subsection.3.9.2}{Root\040Mean\040Square\040Deviation\040\(RMSD\)}{section.3.9}% 31
\BOOKMARK [2][-]{subsection.3.9.3}{Peak\040Signal-to-Noise\040Ratio\040\(PSNR\)}{section.3.9}% 32
\BOOKMARK [2][-]{subsection.3.9.4}{Structural\040Similarity\040Index\040\(SSIM\)}{section.3.9}% 33
\BOOKMARK [0][-]{chapter.4}{Development}{}% 34
\BOOKMARK [1][-]{section.4.1}{EDAN35\040Project\040Improvements}{chapter.4}% 35
\BOOKMARK [2][-]{subsection.4.1.1}{Fast\040Approximate\040Anti-Aliasing\040\(FXAA\)}{section.4.1}% 36
\BOOKMARK [2][-]{subsection.4.1.2}{Enhanced\040Subpixel\040Morphological\040Antialiasing\040\(SMAA\)}{section.4.1}% 37
\BOOKMARK [2][-]{subsection.4.1.3}{Accumulation\040Buffer}{section.4.1}% 38
\BOOKMARK [1][-]{section.4.2}{Testing\040Framework\040Implementation}{chapter.4}% 39
\BOOKMARK [2][-]{subsection.4.2.1}{Static\040Test}{section.4.2}% 40
\BOOKMARK [2][-]{subsection.4.2.2}{Ghosting\040Test}{section.4.2}% 41
\BOOKMARK [2][-]{subsection.4.2.3}{MATLAB\040Image\040Metrics}{section.4.2}% 42
\BOOKMARK [1][-]{section.4.3}{Temporal\040Reprojection\040Anti-Aliasing\040Modifications}{chapter.4}% 43
\BOOKMARK [2][-]{subsection.4.3.1}{Triangle\040Indexing\040Improvements\040Implementation}{section.4.3}% 44
\BOOKMARK [2][-]{subsection.4.3.2}{Depth\040Pseudo-Variance\040and\040Depth\040Temporal\040Pseudo-Variance}{section.4.3}% 45
\BOOKMARK [2][-]{subsection.4.3.3}{Sobel\040Improvements\040Implementation}{section.4.3}% 46
\BOOKMARK [2][-]{subsection.4.3.4}{Final\040Mixing}{section.4.3}% 47
\BOOKMARK [2][-]{subsection.4.3.5}{Sharpen\040Filter\040Modifications}{section.4.3}% 48
\BOOKMARK [0][-]{chapter.5}{Results}{}% 49
\BOOKMARK [1][-]{section.5.1}{Evaluation\040Methodology}{chapter.5}% 50
\BOOKMARK [1][-]{section.5.2}{Results\040and\040Comparisons}{chapter.5}% 51
\BOOKMARK [2][-]{subsection.5.2.1}{Sharpen\040Filter}{section.5.2}% 52
\BOOKMARK [2][-]{subsection.5.2.2}{Pipe}{section.5.2}% 53
\BOOKMARK [2][-]{subsection.5.2.3}{Window\040with\040Blinds}{section.5.2}% 54
\BOOKMARK [2][-]{subsection.5.2.4}{Arched\040Window}{section.5.2}% 55
\BOOKMARK [2][-]{subsection.5.2.5}{Sponza\040Atrium}{section.5.2}% 56
\BOOKMARK [2][-]{subsection.5.2.6}{Sponza\040Atrium\040Flowers}{section.5.2}% 57
\BOOKMARK [2][-]{subsection.5.2.7}{Hard\040Edges}{section.5.2}% 58
\BOOKMARK [2][-]{subsection.5.2.8}{Sphere\040Ghosting}{section.5.2}% 59
\BOOKMARK [2][-]{subsection.5.2.9}{Hairball}{section.5.2}% 60
\BOOKMARK [2][-]{subsection.5.2.10}{Timing}{section.5.2}% 61
\BOOKMARK [1][-]{section.5.3}{Discussion}{chapter.5}% 62
\BOOKMARK [0][-]{chapter.6}{Conclusions\040and\040Recommendations}{}% 63
\BOOKMARK [0][-]{section*.56}{Bibliografía}{}% 64
\BOOKMARK [0][-]{Apéndice.a.A}{Apéndice GitHub Repository}{}% 65
\BOOKMARK [0][-]{Apéndice.a.B}{Apéndice Camera Jittering Explanation}{}% 66
