The system is: Windows - 10.0.15063 - AMD64
Compiling the CXX compiler identification source file "CMakeCXXCompilerId.cpp" succeeded.
Compiler:  
Build flags: 
Id flags:  

The output was:
0
Microsoft (R) Build Engine version 15.3.409.57025 for .NET Framework
Copyright (C) Microsoft Corporation. All rights reserved.

Build started 9/23/2017 5:17:25 PM.
Project "C:\Users\Christian\Documents\Lund\Project\CG_Labs\CMakeFiles\3.9.1\CompilerIdCXX\CompilerIdCXX.vcxproj" on node 1 (default targets).
PrepareForBuild:
  Creating directory "Debug\".
  Creating directory "Debug\CompilerIdCXX.tlog\".
InitializeBuildStatus:
  Creating "Debug\CompilerIdCXX.tlog\unsuccessfulbuild" because "AlwaysCreate" was specified.
ClCompile:
  C:\Program Files (x86)\Microsoft Visual Studio\2017\Community\VC\Tools\MSVC\14.11.25503\bin\HostX86\x86\CL.exe /c /nologo /W0 /WX- /diagnostics:classic /Od /Oy- /D _MBCS /Gm- /EHsc /RTC1 /MDd /GS /fp:precise /Zc:wchar_t /Zc:forScope /Zc:inline /Fo"Debug\\" /Fd"Debug\vc141.pdb" /Gd /TP /analyze- /errorReport:queue CMakeCXXCompilerId.cpp
  CMakeCXXCompilerId.cpp
Link:
  C:\Program Files (x86)\Microsoft Visual Studio\2017\Community\VC\Tools\MSVC\14.11.25503\bin\HostX86\x86\link.exe /ERRORREPORT:QUEUE /OUT:".\CompilerIdCXX.exe" /INCREMENTAL:NO /NOLOGO kernel32.lib user32.lib gdi32.lib winspool.lib comdlg32.lib advapi32.lib shell32.lib ole32.lib oleaut32.lib uuid.lib odbc32.lib odbccp32.lib /MANIFEST /MANIFESTUAC:"level='asInvoker' uiAccess='false'" /manifest:embed /PDB:".\CompilerIdCXX.pdb" /SUBSYSTEM:CONSOLE /TLBID:1 /DYNAMICBASE /NXCOMPAT /IMPLIB:".\CompilerIdCXX.lib" /MACHINE:X86 /SAFESEH Debug\CMakeCXXCompilerId.obj
  CompilerIdCXX.vcxproj -> C:\Users\Christian\Documents\Lund\Project\CG_Labs\CMakeFiles\3.9.1\CompilerIdCXX\.\CompilerIdCXX.exe
PostBuildEvent:
  for %%i in (cl.exe) do @echo CMAKE_CXX_COMPILER=%%~$PATH:i
  :VCEnd
  CMAKE_CXX_COMPILER=C:\Program Files (x86)\Microsoft Visual Studio\2017\Community\VC\Tools\MSVC\14.11.25503\bin\HostX86\x86\cl.exe
FinalizeBuildStatus:
  Deleting file "Debug\CompilerIdCXX.tlog\unsuccessfulbuild".
  Touching "Debug\CompilerIdCXX.tlog\CompilerIdCXX.lastbuildstate".
Done Building Project "C:\Users\Christian\Documents\Lund\Project\CG_Labs\CMakeFiles\3.9.1\CompilerIdCXX\CompilerIdCXX.vcxproj" (default targets).

Build succeeded.
    0 Warning(s)
    0 Error(s)

Time Elapsed 00:00:01.92


Compilation of the CXX compiler identification source "CMakeCXXCompilerId.cpp" produced "CompilerIdCXX.exe"

Compilation of the CXX compiler identification source "CMakeCXXCompilerId.cpp" produced "CompilerIdCXX.vcxproj"

The CXX compiler identification is MSVC, found in "C:/Users/Christian/Documents/Lund/Project/CG_Labs/CMakeFiles/3.9.1/CompilerIdCXX/CompilerIdCXX.exe"

Compiling the C compiler identification source file "CMakeCCompilerId.c" succeeded.
Compiler:  
Build flags: 
Id flags:  

The output was:
0
Microsoft (R) Build Engine version 15.3.409.57025 for .NET Framework
Copyright (C) Microsoft Corporation. All rights reserved.

Build started 9/23/2017 5:17:27 PM.
Project "C:\Users\Christian\Documents\Lund\Project\CG_Labs\CMakeFiles\3.9.1\CompilerIdC\CompilerIdC.vcxproj" on node 1 (default targets).
PrepareForBuild:
  Creating directory "Debug\".
  Creating directory "Debug\CompilerIdC.tlog\".
InitializeBuildStatus:
  Creating "Debug\CompilerIdC.tlog\unsuccessfulbuild" because "AlwaysCreate" was specified.
ClCompile:
  C:\Program Files (x86)\Microsoft Visual Studio\2017\Community\VC\Tools\MSVC\14.11.25503\bin\HostX86\x86\CL.exe /c /nologo /W0 /WX- /diagnostics:classic /Od /Oy- /D _MBCS /Gm- /EHsc /RTC1 /MDd /GS /fp:precise /Zc:wchar_t /Zc:forScope /Zc:inline /Fo"Debug\\" /Fd"Debug\vc141.pdb" /Gd /TC /analyze- /errorReport:queue CMakeCCompilerId.c
  CMakeCCompilerId.c
Link:
  C:\Program Files (x86)\Microsoft Visual Studio\2017\Community\VC\Tools\MSVC\14.11.25503\bin\HostX86\x86\link.exe /ERRORREPORT:QUEUE /OUT:".\CompilerIdC.exe" /INCREMENTAL:NO /NOLOGO kernel32.lib user32.lib gdi32.lib winspool.lib comdlg32.lib advapi32.lib shell32.lib ole32.lib oleaut32.lib uuid.lib odbc32.lib odbccp32.lib /MANIFEST /MANIFESTUAC:"level='asInvoker' uiAccess='false'" /manifest:embed /PDB:".\CompilerIdC.pdb" /SUBSYSTEM:CONSOLE /TLBID:1 /DYNAMICBASE /NXCOMPAT /IMPLIB:".\CompilerIdC.lib" /MACHINE:X86 /SAFESEH Debug\CMakeCCompilerId.obj
  CompilerIdC.vcxproj -> C:\Users\Christian\Documents\Lund\Project\CG_Labs\CMakeFiles\3.9.1\CompilerIdC\.\CompilerIdC.exe
PostBuildEvent:
  for %%i in (cl.exe) do @echo CMAKE_C_COMPILER=%%~$PATH:i
  :VCEnd
  CMAKE_C_COMPILER=C:\Program Files (x86)\Microsoft Visual Studio\2017\Community\VC\Tools\MSVC\14.11.25503\bin\HostX86\x86\cl.exe
FinalizeBuildStatus:
  Deleting file "Debug\CompilerIdC.tlog\unsuccessfulbuild".
  Touching "Debug\CompilerIdC.tlog\CompilerIdC.lastbuildstate".
Done Building Project "C:\Users\Christian\Documents\Lund\Project\CG_Labs\CMakeFiles\3.9.1\CompilerIdC\CompilerIdC.vcxproj" (default targets).

Build succeeded.
    0 Warning(s)
    0 Error(s)

Time Elapsed 00:00:01.52


Compilation of the C compiler identification source "CMakeCCompilerId.c" produced "CompilerIdC.exe"

Compilation of the C compiler identification source "CMakeCCompilerId.c" produced "CompilerIdC.vcxproj"

The C compiler identification is MSVC, found in "C:/Users/Christian/Documents/Lund/Project/CG_Labs/CMakeFiles/3.9.1/CompilerIdC/CompilerIdC.exe"

Determining if the CXX compiler works passed with the following output:
Change Dir: C:/Users/Christian/Documents/Lund/Project/CG_Labs/CMakeFiles/CMakeTmp

Run Build Command:"C:\Program Files (x86)\Microsoft Visual Studio\2017\Community/MSBuild/15.0/Bin/MSBuild.exe" "cmTC_a814d.vcxproj" "/p:Configuration=Debug" "/p:VisualStudioVersion=15.0"
Microsoft (R) Build Engine version 15.3.409.57025 for .NET Framework
Copyright (C) Microsoft Corporation. All rights reserved.

Build started 9/23/2017 5:17:30 PM.
Project "C:\Users\Christian\Documents\Lund\Project\CG_Labs\CMakeFiles\CMakeTmp\cmTC_a814d.vcxproj" on node 1 (default targets).
PrepareForBuild:
  Creating directory "cmTC_a814d.dir\Debug\".
  Creating directory "C:\Users\Christian\Documents\Lund\Project\CG_Labs\CMakeFiles\CMakeTmp\Debug\".
  Creating directory "cmTC_a814d.dir\Debug\cmTC_a814d.tlog\".
InitializeBuildStatus:
  Creating "cmTC_a814d.dir\Debug\cmTC_a814d.tlog\unsuccessfulbuild" because "AlwaysCreate" was specified.
ClCompile:
  C:\Program Files (x86)\Microsoft Visual Studio\2017\Community\VC\Tools\MSVC\14.11.25503\bin\HostX86\x86\CL.exe /c /Zi /W3 /WX- /diagnostics:classic /Od /Ob0 /Oy- /D WIN32 /D _WINDOWS /D "CMAKE_INTDIR=\"Debug\"" /D _MBCS /Gm- /EHsc /RTC1 /MDd /GS /fp:precise /Zc:wchar_t /Zc:forScope /Zc:inline /GR /Fo"cmTC_a814d.dir\Debug\\" /Fd"cmTC_a814d.dir\Debug\vc141.pdb" /Gd /TP /analyze- /errorReport:queue C:\Users\Christian\Documents\Lund\Project\CG_Labs\CMakeFiles\CMakeTmp\testCXXCompiler.cxx
  Microsoft (R) C/C++ Optimizing Compiler Version 19.11.25508.2 for x86
  Copyright (C) Microsoft Corporation.  All rights reserved.
  
  cl /c /Zi /W3 /WX- /diagnostics:classic /Od /Ob0 /Oy- /D WIN32 /D _WINDOWS /D "CMAKE_INTDIR=\"Debug\"" /D _MBCS /Gm- /EHsc /RTC1 /MDd /GS /fp:precise /Zc:wchar_t /Zc:forScope /Zc:inline /GR /Fo"cmTC_a814d.dir\Debug\\" /Fd"cmTC_a814d.dir\Debug\vc141.pdb" /Gd /TP /analyze- /errorReport:queue C:\Users\Christian\Documents\Lund\Project\CG_Labs\CMakeFiles\CMakeTmp\testCXXCompiler.cxx
  testCXXCompiler.cxx
  
Link:
  C:\Program Files (x86)\Microsoft Visual Studio\2017\Community\VC\Tools\MSVC\14.11.25503\bin\HostX86\x86\link.exe /ERRORREPORT:QUEUE /OUT:"C:\Users\Christian\Documents\Lund\Project\CG_Labs\CMakeFiles\CMakeTmp\Debug\cmTC_a814d.exe" /INCREMENTAL /NOLOGO kernel32.lib user32.lib gdi32.lib winspool.lib shell32.lib ole32.lib oleaut32.lib uuid.lib comdlg32.lib advapi32.lib /MANIFEST /MANIFESTUAC:"level='asInvoker' uiAccess='false'" /manifest:embed /DEBUG /PDB:"C:/Users/Christian/Documents/Lund/Project/CG_Labs/CMakeFiles/CMakeTmp/Debug/cmTC_a814d.pdb" /SUBSYSTEM:CONSOLE /TLBID:1 /DYNAMICBASE /NXCOMPAT /IMPLIB:"C:/Users/Christian/Documents/Lund/Project/CG_Labs/CMakeFiles/CMakeTmp/Debug/cmTC_a814d.lib" /MACHINE:X86 /SAFESEH  /machine:X86 cmTC_a814d.dir\Debug\testCXXCompiler.obj
  cmTC_a814d.vcxproj -> C:\Users\Christian\Documents\Lund\Project\CG_Labs\CMakeFiles\CMakeTmp\Debug\cmTC_a814d.exe
  cmTC_a814d.vcxproj -> C:/Users/Christian/Documents/Lund/Project/CG_Labs/CMakeFiles/CMakeTmp/Debug/cmTC_a814d.pdb (Full PDB)
FinalizeBuildStatus:
  Deleting file "cmTC_a814d.dir\Debug\cmTC_a814d.tlog\unsuccessfulbuild".
  Touching "cmTC_a814d.dir\Debug\cmTC_a814d.tlog\cmTC_a814d.lastbuildstate".
Done Building Project "C:\Users\Christian\Documents\Lund\Project\CG_Labs\CMakeFiles\CMakeTmp\cmTC_a814d.vcxproj" (default targets).

Build succeeded.
    0 Warning(s)
    0 Error(s)

Time Elapsed 00:00:01.48


Detecting CXX compiler ABI info compiled with the following output:
Change Dir: C:/Users/Christian/Documents/Lund/Project/CG_Labs/CMakeFiles/CMakeTmp

Run Build Command:"C:\Program Files (x86)\Microsoft Visual Studio\2017\Community/MSBuild/15.0/Bin/MSBuild.exe" "cmTC_b1241.vcxproj" "/p:Configuration=Debug" "/p:VisualStudioVersion=15.0"
Microsoft (R) Build Engine version 15.3.409.57025 for .NET Framework
Copyright (C) Microsoft Corporation. All rights reserved.

Build started 9/23/2017 5:17:32 PM.
Project "C:\Users\Christian\Documents\Lund\Project\CG_Labs\CMakeFiles\CMakeTmp\cmTC_b1241.vcxproj" on node 1 (default targets).
PrepareForBuild:
  Creating directory "cmTC_b1241.dir\Debug\".
  Creating directory "C:\Users\Christian\Documents\Lund\Project\CG_Labs\CMakeFiles\CMakeTmp\Debug\".
  Creating directory "cmTC_b1241.dir\Debug\cmTC_b1241.tlog\".
InitializeBuildStatus:
  Creating "cmTC_b1241.dir\Debug\cmTC_b1241.tlog\unsuccessfulbuild" because "AlwaysCreate" was specified.
ClCompile:
  C:\Program Files (x86)\Microsoft Visual Studio\2017\Community\VC\Tools\MSVC\14.11.25503\bin\HostX86\x86\CL.exe /c /Zi /W3 /WX- /diagnostics:classic /Od /Ob0 /Oy- /D WIN32 /D _WINDOWS /D "CMAKE_INTDIR=\"Debug\"" /D _MBCS /Gm- /EHsc /RTC1 /MDd /GS /fp:precise /Zc:wchar_t /Zc:forScope /Zc:inline /GR /Fo"cmTC_b1241.dir\Debug\\" /Fd"cmTC_b1241.dir\Debug\vc141.pdb" /Gd /TP /analyze- /errorReport:queue "C:\Program Files\CMake\share\cmake-3.9\Modules\CMakeCXXCompilerABI.cpp"
  Microsoft (R) C/C++ Optimizing Compiler Version 19.11.25508.2 for x86
  Copyright (C) Microsoft Corporation.  All rights reserved.
  
  cl /c /Zi /W3 /WX- /diagnostics:classic /Od /Ob0 /Oy- /D WIN32 /D _WINDOWS /D "CMAKE_INTDIR=\"Debug\"" /D _MBCS /Gm- /EHsc /RTC1 /MDd /GS /fp:precise /Zc:wchar_t /Zc:forScope /Zc:inline /GR /Fo"cmTC_b1241.dir\Debug\\" /Fd"cmTC_b1241.dir\Debug\vc141.pdb" /Gd /TP /analyze- /errorReport:queue "C:\Program Files\CMake\share\cmake-3.9\Modules\CMakeCXXCompilerABI.cpp"
  CMakeCXXCompilerABI.cpp
  
Link:
  C:\Program Files (x86)\Microsoft Visual Studio\2017\Community\VC\Tools\MSVC\14.11.25503\bin\HostX86\x86\link.exe /ERRORREPORT:QUEUE /OUT:"C:\Users\Christian\Documents\Lund\Project\CG_Labs\CMakeFiles\CMakeTmp\Debug\cmTC_b1241.exe" /INCREMENTAL /NOLOGO kernel32.lib user32.lib gdi32.lib winspool.lib shell32.lib ole32.lib oleaut32.lib uuid.lib comdlg32.lib advapi32.lib /MANIFEST /MANIFESTUAC:"level='asInvoker' uiAccess='false'" /manifest:embed /DEBUG /PDB:"C:/Users/Christian/Documents/Lund/Project/CG_Labs/CMakeFiles/CMakeTmp/Debug/cmTC_b1241.pdb" /SUBSYSTEM:CONSOLE /TLBID:1 /DYNAMICBASE /NXCOMPAT /IMPLIB:"C:/Users/Christian/Documents/Lund/Project/CG_Labs/CMakeFiles/CMakeTmp/Debug/cmTC_b1241.lib" /MACHINE:X86 /SAFESEH  /machine:X86 cmTC_b1241.dir\Debug\CMakeCXXCompilerABI.obj
  cmTC_b1241.vcxproj -> C:\Users\Christian\Documents\Lund\Project\CG_Labs\CMakeFiles\CMakeTmp\Debug\cmTC_b1241.exe
  cmTC_b1241.vcxproj -> C:/Users/Christian/Documents/Lund/Project/CG_Labs/CMakeFiles/CMakeTmp/Debug/cmTC_b1241.pdb (Full PDB)
FinalizeBuildStatus:
  Deleting file "cmTC_b1241.dir\Debug\cmTC_b1241.tlog\unsuccessfulbuild".
  Touching "cmTC_b1241.dir\Debug\cmTC_b1241.tlog\cmTC_b1241.lastbuildstate".
Done Building Project "C:\Users\Christian\Documents\Lund\Project\CG_Labs\CMakeFiles\CMakeTmp\cmTC_b1241.vcxproj" (default targets).

Build succeeded.
    0 Warning(s)
    0 Error(s)

Time Elapsed 00:00:01.05




Detecting CXX [] compiler features compiled with the following output:
Change Dir: C:/Users/Christian/Documents/Lund/Project/CG_Labs/CMakeFiles/CMakeTmp

Run Build Command:"C:\Program Files (x86)\Microsoft Visual Studio\2017\Community/MSBuild/15.0/Bin/MSBuild.exe" "cmTC_a83de.vcxproj" "/p:Configuration=Debug" "/p:VisualStudioVersion=15.0"
Microsoft (R) Build Engine version 15.3.409.57025 for .NET Framework
Copyright (C) Microsoft Corporation. All rights reserved.

Build started 9/23/2017 5:17:33 PM.
Project "C:\Users\Christian\Documents\Lund\Project\CG_Labs\CMakeFiles\CMakeTmp\cmTC_a83de.vcxproj" on node 1 (default targets).
PrepareForBuild:
  Creating directory "cmTC_a83de.dir\Debug\".
  Creating directory "C:\Users\Christian\Documents\Lund\Project\CG_Labs\CMakeFiles\CMakeTmp\Debug\".
  Creating directory "cmTC_a83de.dir\Debug\cmTC_a83de.tlog\".
InitializeBuildStatus:
  Creating "cmTC_a83de.dir\Debug\cmTC_a83de.tlog\unsuccessfulbuild" because "AlwaysCreate" was specified.
ClCompile:
  C:\Program Files (x86)\Microsoft Visual Studio\2017\Community\VC\Tools\MSVC\14.11.25503\bin\HostX86\x86\CL.exe /c /Zi /W3 /WX- /diagnostics:classic /Od /Ob0 /Oy- /D WIN32 /D _WINDOWS /D "CMAKE_INTDIR=\"Debug\"" /D _MBCS /Gm- /EHsc /RTC1 /MDd /GS /fp:precise /Zc:wchar_t /Zc:forScope /Zc:inline /GR /Fo"cmTC_a83de.dir\Debug\\" /Fd"cmTC_a83de.dir\Debug\vc141.pdb" /Gd /TP /analyze- /errorReport:queue C:\Users\Christian\Documents\Lund\Project\CG_Labs\CMakeFiles\feature_tests.cxx
  Microsoft (R) C/C++ Optimizing Compiler Version 19.11.25508.2 for x86
  Copyright (C) Microsoft Corporation.  All rights reserved.
  
  cl /c /Zi /W3 /WX- /diagnostics:classic /Od /Ob0 /Oy- /D WIN32 /D _WINDOWS /D "CMAKE_INTDIR=\"Debug\"" /D _MBCS /Gm- /EHsc /RTC1 /MDd /GS /fp:precise /Zc:wchar_t /Zc:forScope /Zc:inline /GR /Fo"cmTC_a83de.dir\Debug\\" /Fd"cmTC_a83de.dir\Debug\vc141.pdb" /Gd /TP /analyze- /errorReport:queue C:\Users\Christian\Documents\Lund\Project\CG_Labs\CMakeFiles\feature_tests.cxx
  feature_tests.cxx
  
Link:
  C:\Program Files (x86)\Microsoft Visual Studio\2017\Community\VC\Tools\MSVC\14.11.25503\bin\HostX86\x86\link.exe /ERRORREPORT:QUEUE /OUT:"C:\Users\Christian\Documents\Lund\Project\CG_Labs\CMakeFiles\CMakeTmp\Debug\cmTC_a83de.exe" /INCREMENTAL /NOLOGO kernel32.lib user32.lib gdi32.lib winspool.lib shell32.lib ole32.lib oleaut32.lib uuid.lib comdlg32.lib advapi32.lib /MANIFEST /MANIFESTUAC:"level='asInvoker' uiAccess='false'" /manifest:embed /DEBUG /PDB:"C:/Users/Christian/Documents/Lund/Project/CG_Labs/CMakeFiles/CMakeTmp/Debug/cmTC_a83de.pdb" /SUBSYSTEM:CONSOLE /TLBID:1 /DYNAMICBASE /NXCOMPAT /IMPLIB:"C:/Users/Christian/Documents/Lund/Project/CG_Labs/CMakeFiles/CMakeTmp/Debug/cmTC_a83de.lib" /MACHINE:X86 /SAFESEH  /machine:X86 cmTC_a83de.dir\Debug\feature_tests.obj
  cmTC_a83de.vcxproj -> C:\Users\Christian\Documents\Lund\Project\CG_Labs\CMakeFiles\CMakeTmp\Debug\cmTC_a83de.exe
  cmTC_a83de.vcxproj -> C:/Users/Christian/Documents/Lund/Project/CG_Labs/CMakeFiles/CMakeTmp/Debug/cmTC_a83de.pdb (Full PDB)
FinalizeBuildStatus:
  Deleting file "cmTC_a83de.dir\Debug\cmTC_a83de.tlog\unsuccessfulbuild".
  Touching "cmTC_a83de.dir\Debug\cmTC_a83de.tlog\cmTC_a83de.lastbuildstate".
Done Building Project "C:\Users\Christian\Documents\Lund\Project\CG_Labs\CMakeFiles\CMakeTmp\cmTC_a83de.vcxproj" (default targets).

Build succeeded.
    0 Warning(s)
    0 Error(s)

Time Elapsed 00:00:01.03


    Feature record: CXX_FEATURE:1cxx_aggregate_default_initializers
    Feature record: CXX_FEATURE:1cxx_alias_templates
    Feature record: CXX_FEATURE:1cxx_alignas
    Feature record: CXX_FEATURE:1cxx_alignof
    Feature record: CXX_FEATURE:1cxx_attributes
    Feature record: CXX_FEATURE:1cxx_attribute_deprecated
    Feature record: CXX_FEATURE:1cxx_auto_type
    Feature record: CXX_FEATURE:1cxx_binary_literals
    Feature record: CXX_FEATURE:1cxx_constexpr
    Feature record: CXX_FEATURE:1cxx_contextual_conversions
    Feature record: CXX_FEATURE:1cxx_decltype
    Feature record: CXX_FEATURE:1cxx_decltype_auto
    Feature record: CXX_FEATURE:1cxx_default_function_template_args
    Feature record: CXX_FEATURE:1cxx_defaulted_functions
    Feature record: CXX_FEATURE:1cxx_defaulted_move_initializers
    Feature record: CXX_FEATURE:1cxx_delegating_constructors
    Feature record: CXX_FEATURE:1cxx_deleted_functions
    Feature record: CXX_FEATURE:1cxx_digit_separators
    Feature record: CXX_FEATURE:1cxx_enum_forward_declarations
    Feature record: CXX_FEATURE:1cxx_explicit_conversions
    Feature record: CXX_FEATURE:1cxx_extended_friend_declarations
    Feature record: CXX_FEATURE:1cxx_extern_templates
    Feature record: CXX_FEATURE:1cxx_final
    Feature record: CXX_FEATURE:1cxx_func_identifier
    Feature record: CXX_FEATURE:1cxx_generalized_initializers
    Feature record: CXX_FEATURE:1cxx_generic_lambdas
    Feature record: CXX_FEATURE:1cxx_inheriting_constructors
    Feature record: CXX_FEATURE:1cxx_inline_namespaces
    Feature record: CXX_FEATURE:1cxx_lambdas
    Feature record: CXX_FEATURE:1cxx_lambda_init_captures
    Feature record: CXX_FEATURE:1cxx_local_type_template_args
    Feature record: CXX_FEATURE:1cxx_long_long_type
    Feature record: CXX_FEATURE:1cxx_noexcept
    Feature record: CXX_FEATURE:1cxx_nonstatic_member_init
    Feature record: CXX_FEATURE:1cxx_nullptr
    Feature record: CXX_FEATURE:1cxx_override
    Feature record: CXX_FEATURE:1cxx_range_for
    Feature record: CXX_FEATURE:1cxx_raw_string_literals
    Feature record: CXX_FEATURE:1cxx_reference_qualified_functions
    Feature record: CXX_FEATURE:1cxx_return_type_deduction
    Feature record: CXX_FEATURE:1cxx_right_angle_brackets
    Feature record: CXX_FEATURE:1cxx_rvalue_references
    Feature record: CXX_FEATURE:1cxx_sizeof_member
    Feature record: CXX_FEATURE:1cxx_static_assert
    Feature record: CXX_FEATURE:1cxx_strong_enums
    Feature record: CXX_FEATURE:1cxx_template_template_parameters
    Feature record: CXX_FEATURE:1cxx_thread_local
    Feature record: CXX_FEATURE:1cxx_trailing_return_types
    Feature record: CXX_FEATURE:1cxx_unicode_literals
    Feature record: CXX_FEATURE:1cxx_uniform_initialization
    Feature record: CXX_FEATURE:1cxx_unrestricted_unions
    Feature record: CXX_FEATURE:1cxx_user_literals
    Feature record: CXX_FEATURE:1cxx_variable_templates
    Feature record: CXX_FEATURE:1cxx_variadic_macros
    Feature record: CXX_FEATURE:1cxx_variadic_templates


Detecting CXX [] compiler features compiled with the following output:
Change Dir: C:/Users/Christian/Documents/Lund/Project/CG_Labs/CMakeFiles/CMakeTmp

Run Build Command:"C:\Program Files (x86)\Microsoft Visual Studio\2017\Community/MSBuild/15.0/Bin/MSBuild.exe" "cmTC_79c42.vcxproj" "/p:Configuration=Debug" "/p:VisualStudioVersion=15.0"
Microsoft (R) Build Engine version 15.3.409.57025 for .NET Framework
Copyright (C) Microsoft Corporation. All rights reserved.

Build started 9/23/2017 5:17:35 PM.
Project "C:\Users\Christian\Documents\Lund\Project\CG_Labs\CMakeFiles\CMakeTmp\cmTC_79c42.vcxproj" on node 1 (default targets).
PrepareForBuild:
  Creating directory "cmTC_79c42.dir\Debug\".
  Creating directory "C:\Users\Christian\Documents\Lund\Project\CG_Labs\CMakeFiles\CMakeTmp\Debug\".
  Creating directory "cmTC_79c42.dir\Debug\cmTC_79c42.tlog\".
InitializeBuildStatus:
  Creating "cmTC_79c42.dir\Debug\cmTC_79c42.tlog\unsuccessfulbuild" because "AlwaysCreate" was specified.
ClCompile:
  C:\Program Files (x86)\Microsoft Visual Studio\2017\Community\VC\Tools\MSVC\14.11.25503\bin\HostX86\x86\CL.exe /c /Zi /W3 /WX- /diagnostics:classic /Od /Ob0 /Oy- /D WIN32 /D _WINDOWS /D "CMAKE_INTDIR=\"Debug\"" /D _MBCS /Gm- /EHsc /RTC1 /MDd /GS /fp:precise /Zc:wchar_t /Zc:forScope /Zc:inline /GR /Fo"cmTC_79c42.dir\Debug\\" /Fd"cmTC_79c42.dir\Debug\vc141.pdb" /Gd /TP /analyze- /errorReport:queue C:\Users\Christian\Documents\Lund\Project\CG_Labs\CMakeFiles\feature_tests.cxx
  Microsoft (R) C/C++ Optimizing Compiler Version 19.11.25508.2 for x86
  Copyright (C) Microsoft Corporation.  All rights reserved.
  
  cl /c /Zi /W3 /WX- /diagnostics:classic /Od /Ob0 /Oy- /D WIN32 /D _WINDOWS /D "CMAKE_INTDIR=\"Debug\"" /D _MBCS /Gm- /EHsc /RTC1 /MDd /GS /fp:precise /Zc:wchar_t /Zc:forScope /Zc:inline /GR /Fo"cmTC_79c42.dir\Debug\\" /Fd"cmTC_79c42.dir\Debug\vc141.pdb" /Gd /TP /analyze- /errorReport:queue C:\Users\Christian\Documents\Lund\Project\CG_Labs\CMakeFiles\feature_tests.cxx
  feature_tests.cxx
  
Link:
  C:\Program Files (x86)\Microsoft Visual Studio\2017\Community\VC\Tools\MSVC\14.11.25503\bin\HostX86\x86\link.exe /ERRORREPORT:QUEUE /OUT:"C:\Users\Christian\Documents\Lund\Project\CG_Labs\CMakeFiles\CMakeTmp\Debug\cmTC_79c42.exe" /INCREMENTAL /NOLOGO kernel32.lib user32.lib gdi32.lib winspool.lib shell32.lib ole32.lib oleaut32.lib uuid.lib comdlg32.lib advapi32.lib /MANIFEST /MANIFESTUAC:"level='asInvoker' uiAccess='false'" /manifest:embed /DEBUG /PDB:"C:/Users/Christian/Documents/Lund/Project/CG_Labs/CMakeFiles/CMakeTmp/Debug/cmTC_79c42.pdb" /SUBSYSTEM:CONSOLE /TLBID:1 /DYNAMICBASE /NXCOMPAT /IMPLIB:"C:/Users/Christian/Documents/Lund/Project/CG_Labs/CMakeFiles/CMakeTmp/Debug/cmTC_79c42.lib" /MACHINE:X86 /SAFESEH  /machine:X86 cmTC_79c42.dir\Debug\feature_tests.obj
  cmTC_79c42.vcxproj -> C:\Users\Christian\Documents\Lund\Project\CG_Labs\CMakeFiles\CMakeTmp\Debug\cmTC_79c42.exe
  cmTC_79c42.vcxproj -> C:/Users/Christian/Documents/Lund/Project/CG_Labs/CMakeFiles/CMakeTmp/Debug/cmTC_79c42.pdb (Full PDB)
FinalizeBuildStatus:
  Deleting file "cmTC_79c42.dir\Debug\cmTC_79c42.tlog\unsuccessfulbuild".
  Touching "cmTC_79c42.dir\Debug\cmTC_79c42.tlog\cmTC_79c42.lastbuildstate".
Done Building Project "C:\Users\Christian\Documents\Lund\Project\CG_Labs\CMakeFiles\CMakeTmp\cmTC_79c42.vcxproj" (default targets).

Build succeeded.
    0 Warning(s)
    0 Error(s)

Time Elapsed 00:00:01.04


    Feature record: CXX_FEATURE:1cxx_aggregate_default_initializers
    Feature record: CXX_FEATURE:1cxx_alias_templates
    Feature record: CXX_FEATURE:1cxx_alignas
    Feature record: CXX_FEATURE:1cxx_alignof
    Feature record: CXX_FEATURE:1cxx_attributes
    Feature record: CXX_FEATURE:1cxx_attribute_deprecated
    Feature record: CXX_FEATURE:1cxx_auto_type
    Feature record: CXX_FEATURE:1cxx_binary_literals
    Feature record: CXX_FEATURE:1cxx_constexpr
    Feature record: CXX_FEATURE:1cxx_contextual_conversions
    Feature record: CXX_FEATURE:1cxx_decltype
    Feature record: CXX_FEATURE:1cxx_decltype_auto
    Feature record: CXX_FEATURE:1cxx_default_function_template_args
    Feature record: CXX_FEATURE:1cxx_defaulted_functions
    Feature record: CXX_FEATURE:1cxx_defaulted_move_initializers
    Feature record: CXX_FEATURE:1cxx_delegating_constructors
    Feature record: CXX_FEATURE:1cxx_deleted_functions
    Feature record: CXX_FEATURE:1cxx_digit_separators
    Feature record: CXX_FEATURE:1cxx_enum_forward_declarations
    Feature record: CXX_FEATURE:1cxx_explicit_conversions
    Feature record: CXX_FEATURE:1cxx_extended_friend_declarations
    Feature record: CXX_FEATURE:1cxx_extern_templates
    Feature record: CXX_FEATURE:1cxx_final
    Feature record: CXX_FEATURE:1cxx_func_identifier
    Feature record: CXX_FEATURE:1cxx_generalized_initializers
    Feature record: CXX_FEATURE:1cxx_generic_lambdas
    Feature record: CXX_FEATURE:1cxx_inheriting_constructors
    Feature record: CXX_FEATURE:1cxx_inline_namespaces
    Feature record: CXX_FEATURE:1cxx_lambdas
    Feature record: CXX_FEATURE:1cxx_lambda_init_captures
    Feature record: CXX_FEATURE:1cxx_local_type_template_args
    Feature record: CXX_FEATURE:1cxx_long_long_type
    Feature record: CXX_FEATURE:1cxx_noexcept
    Feature record: CXX_FEATURE:1cxx_nonstatic_member_init
    Feature record: CXX_FEATURE:1cxx_nullptr
    Feature record: CXX_FEATURE:1cxx_override
    Feature record: CXX_FEATURE:1cxx_range_for
    Feature record: CXX_FEATURE:1cxx_raw_string_literals
    Feature record: CXX_FEATURE:1cxx_reference_qualified_functions
    Feature record: CXX_FEATURE:1cxx_return_type_deduction
    Feature record: CXX_FEATURE:1cxx_right_angle_brackets
    Feature record: CXX_FEATURE:1cxx_rvalue_references
    Feature record: CXX_FEATURE:1cxx_sizeof_member
    Feature record: CXX_FEATURE:1cxx_static_assert
    Feature record: CXX_FEATURE:1cxx_strong_enums
    Feature record: CXX_FEATURE:1cxx_template_template_parameters
    Feature record: CXX_FEATURE:1cxx_thread_local
    Feature record: CXX_FEATURE:1cxx_trailing_return_types
    Feature record: CXX_FEATURE:1cxx_unicode_literals
    Feature record: CXX_FEATURE:1cxx_uniform_initialization
    Feature record: CXX_FEATURE:1cxx_unrestricted_unions
    Feature record: CXX_FEATURE:1cxx_user_literals
    Feature record: CXX_FEATURE:1cxx_variable_templates
    Feature record: CXX_FEATURE:1cxx_variadic_macros
    Feature record: CXX_FEATURE:1cxx_variadic_templates


Detecting CXX [] compiler features compiled with the following output:
Change Dir: C:/Users/Christian/Documents/Lund/Project/CG_Labs/CMakeFiles/CMakeTmp

Run Build Command:"C:\Program Files (x86)\Microsoft Visual Studio\2017\Community/MSBuild/15.0/Bin/MSBuild.exe" "cmTC_fab4b.vcxproj" "/p:Configuration=Debug" "/p:VisualStudioVersion=15.0"
Microsoft (R) Build Engine version 15.3.409.57025 for .NET Framework
Copyright (C) Microsoft Corporation. All rights reserved.

Build started 9/23/2017 5:17:36 PM.
Project "C:\Users\Christian\Documents\Lund\Project\CG_Labs\CMakeFiles\CMakeTmp\cmTC_fab4b.vcxproj" on node 1 (default targets).
PrepareForBuild:
  Creating directory "cmTC_fab4b.dir\Debug\".
  Creating directory "C:\Users\Christian\Documents\Lund\Project\CG_Labs\CMakeFiles\CMakeTmp\Debug\".
  Creating directory "cmTC_fab4b.dir\Debug\cmTC_fab4b.tlog\".
InitializeBuildStatus:
  Creating "cmTC_fab4b.dir\Debug\cmTC_fab4b.tlog\unsuccessfulbuild" because "AlwaysCreate" was specified.
ClCompile:
  C:\Program Files (x86)\Microsoft Visual Studio\2017\Community\VC\Tools\MSVC\14.11.25503\bin\HostX86\x86\CL.exe /c /Zi /W3 /WX- /diagnostics:classic /Od /Ob0 /Oy- /D WIN32 /D _WINDOWS /D "CMAKE_INTDIR=\"Debug\"" /D _MBCS /Gm- /EHsc /RTC1 /MDd /GS /fp:precise /Zc:wchar_t /Zc:forScope /Zc:inline /GR /Fo"cmTC_fab4b.dir\Debug\\" /Fd"cmTC_fab4b.dir\Debug\vc141.pdb" /Gd /TP /analyze- /errorReport:queue C:\Users\Christian\Documents\Lund\Project\CG_Labs\CMakeFiles\feature_tests.cxx
  Microsoft (R) C/C++ Optimizing Compiler Version 19.11.25508.2 for x86
  Copyright (C) Microsoft Corporation.  All rights reserved.
  
  cl /c /Zi /W3 /WX- /diagnostics:classic /Od /Ob0 /Oy- /D WIN32 /D _WINDOWS /D "CMAKE_INTDIR=\"Debug\"" /D _MBCS /Gm- /EHsc /RTC1 /MDd /GS /fp:precise /Zc:wchar_t /Zc:forScope /Zc:inline /GR /Fo"cmTC_fab4b.dir\Debug\\" /Fd"cmTC_fab4b.dir\Debug\vc141.pdb" /Gd /TP /analyze- /errorReport:queue C:\Users\Christian\Documents\Lund\Project\CG_Labs\CMakeFiles\feature_tests.cxx
  feature_tests.cxx
  
Link:
  C:\Program Files (x86)\Microsoft Visual Studio\2017\Community\VC\Tools\MSVC\14.11.25503\bin\HostX86\x86\link.exe /ERRORREPORT:QUEUE /OUT:"C:\Users\Christian\Documents\Lund\Project\CG_Labs\CMakeFiles\CMakeTmp\Debug\cmTC_fab4b.exe" /INCREMENTAL /NOLOGO kernel32.lib user32.lib gdi32.lib winspool.lib shell32.lib ole32.lib oleaut32.lib uuid.lib comdlg32.lib advapi32.lib /MANIFEST /MANIFESTUAC:"level='asInvoker' uiAccess='false'" /manifest:embed /DEBUG /PDB:"C:/Users/Christian/Documents/Lund/Project/CG_Labs/CMakeFiles/CMakeTmp/Debug/cmTC_fab4b.pdb" /SUBSYSTEM:CONSOLE /TLBID:1 /DYNAMICBASE /NXCOMPAT /IMPLIB:"C:/Users/Christian/Documents/Lund/Project/CG_Labs/CMakeFiles/CMakeTmp/Debug/cmTC_fab4b.lib" /MACHINE:X86 /SAFESEH  /machine:X86 cmTC_fab4b.dir\Debug\feature_tests.obj
  cmTC_fab4b.vcxproj -> C:\Users\Christian\Documents\Lund\Project\CG_Labs\CMakeFiles\CMakeTmp\Debug\cmTC_fab4b.exe
  cmTC_fab4b.vcxproj -> C:/Users/Christian/Documents/Lund/Project/CG_Labs/CMakeFiles/CMakeTmp/Debug/cmTC_fab4b.pdb (Full PDB)
FinalizeBuildStatus:
  Deleting file "cmTC_fab4b.dir\Debug\cmTC_fab4b.tlog\unsuccessfulbuild".
  Touching "cmTC_fab4b.dir\Debug\cmTC_fab4b.tlog\cmTC_fab4b.lastbuildstate".
Done Building Project "C:\Users\Christian\Documents\Lund\Project\CG_Labs\CMakeFiles\CMakeTmp\cmTC_fab4b.vcxproj" (default targets).

Build succeeded.
    0 Warning(s)
    0 Error(s)

Time Elapsed 00:00:00.98


    Feature record: CXX_FEATURE:1cxx_aggregate_default_initializers
    Feature record: CXX_FEATURE:1cxx_alias_templates
    Feature record: CXX_FEATURE:1cxx_alignas
    Feature record: CXX_FEATURE:1cxx_alignof
    Feature record: CXX_FEATURE:1cxx_attributes
    Feature record: CXX_FEATURE:1cxx_attribute_deprecated
    Feature record: CXX_FEATURE:1cxx_auto_type
    Feature record: CXX_FEATURE:1cxx_binary_literals
    Feature record: CXX_FEATURE:1cxx_constexpr
    Feature record: CXX_FEATURE:1cxx_contextual_conversions
    Feature record: CXX_FEATURE:1cxx_decltype
    Feature record: CXX_FEATURE:1cxx_decltype_auto
    Feature record: CXX_FEATURE:1cxx_default_function_template_args
    Feature record: CXX_FEATURE:1cxx_defaulted_functions
    Feature record: CXX_FEATURE:1cxx_defaulted_move_initializers
    Feature record: CXX_FEATURE:1cxx_delegating_constructors
    Feature record: CXX_FEATURE:1cxx_deleted_functions
    Feature record: CXX_FEATURE:1cxx_digit_separators
    Feature record: CXX_FEATURE:1cxx_enum_forward_declarations
    Feature record: CXX_FEATURE:1cxx_explicit_conversions
    Feature record: CXX_FEATURE:1cxx_extended_friend_declarations
    Feature record: CXX_FEATURE:1cxx_extern_templates
    Feature record: CXX_FEATURE:1cxx_final
    Feature record: CXX_FEATURE:1cxx_func_identifier
    Feature record: CXX_FEATURE:1cxx_generalized_initializers
    Feature record: CXX_FEATURE:1cxx_generic_lambdas
    Feature record: CXX_FEATURE:1cxx_inheriting_constructors
    Feature record: CXX_FEATURE:1cxx_inline_namespaces
    Feature record: CXX_FEATURE:1cxx_lambdas
    Feature record: CXX_FEATURE:1cxx_lambda_init_captures
    Feature record: CXX_FEATURE:1cxx_local_type_template_args
    Feature record: CXX_FEATURE:1cxx_long_long_type
    Feature record: CXX_FEATURE:1cxx_noexcept
    Feature record: CXX_FEATURE:1cxx_nonstatic_member_init
    Feature record: CXX_FEATURE:1cxx_nullptr
    Feature record: CXX_FEATURE:1cxx_override
    Feature record: CXX_FEATURE:1cxx_range_for
    Feature record: CXX_FEATURE:1cxx_raw_string_literals
    Feature record: CXX_FEATURE:1cxx_reference_qualified_functions
    Feature record: CXX_FEATURE:1cxx_return_type_deduction
    Feature record: CXX_FEATURE:1cxx_right_angle_brackets
    Feature record: CXX_FEATURE:1cxx_rvalue_references
    Feature record: CXX_FEATURE:1cxx_sizeof_member
    Feature record: CXX_FEATURE:1cxx_static_assert
    Feature record: CXX_FEATURE:1cxx_strong_enums
    Feature record: CXX_FEATURE:1cxx_template_template_parameters
    Feature record: CXX_FEATURE:1cxx_thread_local
    Feature record: CXX_FEATURE:1cxx_trailing_return_types
    Feature record: CXX_FEATURE:1cxx_unicode_literals
    Feature record: CXX_FEATURE:1cxx_uniform_initialization
    Feature record: CXX_FEATURE:1cxx_unrestricted_unions
    Feature record: CXX_FEATURE:1cxx_user_literals
    Feature record: CXX_FEATURE:1cxx_variable_templates
    Feature record: CXX_FEATURE:1cxx_variadic_macros
    Feature record: CXX_FEATURE:1cxx_variadic_templates


Detecting CXX [] compiler features compiled with the following output:
Change Dir: C:/Users/Christian/Documents/Lund/Project/CG_Labs/CMakeFiles/CMakeTmp

Run Build Command:"C:\Program Files (x86)\Microsoft Visual Studio\2017\Community/MSBuild/15.0/Bin/MSBuild.exe" "cmTC_2e09d.vcxproj" "/p:Configuration=Debug" "/p:VisualStudioVersion=15.0"
Microsoft (R) Build Engine version 15.3.409.57025 for .NET Framework
Copyright (C) Microsoft Corporation. All rights reserved.

Build started 9/23/2017 5:17:37 PM.
Project "C:\Users\Christian\Documents\Lund\Project\CG_Labs\CMakeFiles\CMakeTmp\cmTC_2e09d.vcxproj" on node 1 (default targets).
PrepareForBuild:
  Creating directory "cmTC_2e09d.dir\Debug\".
  Creating directory "C:\Users\Christian\Documents\Lund\Project\CG_Labs\CMakeFiles\CMakeTmp\Debug\".
  Creating directory "cmTC_2e09d.dir\Debug\cmTC_2e09d.tlog\".
InitializeBuildStatus:
  Creating "cmTC_2e09d.dir\Debug\cmTC_2e09d.tlog\unsuccessfulbuild" because "AlwaysCreate" was specified.
ClCompile:
  C:\Program Files (x86)\Microsoft Visual Studio\2017\Community\VC\Tools\MSVC\14.11.25503\bin\HostX86\x86\CL.exe /c /Zi /W3 /WX- /diagnostics:classic /Od /Ob0 /Oy- /D WIN32 /D _WINDOWS /D "CMAKE_INTDIR=\"Debug\"" /D _MBCS /Gm- /EHsc /RTC1 /MDd /GS /fp:precise /Zc:wchar_t /Zc:forScope /Zc:inline /GR /Fo"cmTC_2e09d.dir\Debug\\" /Fd"cmTC_2e09d.dir\Debug\vc141.pdb" /Gd /TP /analyze- /errorReport:queue C:\Users\Christian\Documents\Lund\Project\CG_Labs\CMakeFiles\feature_tests.cxx
  Microsoft (R) C/C++ Optimizing Compiler Version 19.11.25508.2 for x86
  Copyright (C) Microsoft Corporation.  All rights reserved.
  
  cl /c /Zi /W3 /WX- /diagnostics:classic /Od /Ob0 /Oy- /D WIN32 /D _WINDOWS /D "CMAKE_INTDIR=\"Debug\"" /D _MBCS /Gm- /EHsc /RTC1 /MDd /GS /fp:precise /Zc:wchar_t /Zc:forScope /Zc:inline /GR /Fo"cmTC_2e09d.dir\Debug\\" /Fd"cmTC_2e09d.dir\Debug\vc141.pdb" /Gd /TP /analyze- /errorReport:queue C:\Users\Christian\Documents\Lund\Project\CG_Labs\CMakeFiles\feature_tests.cxx
  feature_tests.cxx
  
Link:
  C:\Program Files (x86)\Microsoft Visual Studio\2017\Community\VC\Tools\MSVC\14.11.25503\bin\HostX86\x86\link.exe /ERRORREPORT:QUEUE /OUT:"C:\Users\Christian\Documents\Lund\Project\CG_Labs\CMakeFiles\CMakeTmp\Debug\cmTC_2e09d.exe" /INCREMENTAL /NOLOGO kernel32.lib user32.lib gdi32.lib winspool.lib shell32.lib ole32.lib oleaut32.lib uuid.lib comdlg32.lib advapi32.lib /MANIFEST /MANIFESTUAC:"level='asInvoker' uiAccess='false'" /manifest:embed /DEBUG /PDB:"C:/Users/Christian/Documents/Lund/Project/CG_Labs/CMakeFiles/CMakeTmp/Debug/cmTC_2e09d.pdb" /SUBSYSTEM:CONSOLE /TLBID:1 /DYNAMICBASE /NXCOMPAT /IMPLIB:"C:/Users/Christian/Documents/Lund/Project/CG_Labs/CMakeFiles/CMakeTmp/Debug/cmTC_2e09d.lib" /MACHINE:X86 /SAFESEH  /machine:X86 cmTC_2e09d.dir\Debug\feature_tests.obj
  cmTC_2e09d.vcxproj -> C:\Users\Christian\Documents\Lund\Project\CG_Labs\CMakeFiles\CMakeTmp\Debug\cmTC_2e09d.exe
  cmTC_2e09d.vcxproj -> C:/Users/Christian/Documents/Lund/Project/CG_Labs/CMakeFiles/CMakeTmp/Debug/cmTC_2e09d.pdb (Full PDB)
FinalizeBuildStatus:
  Deleting file "cmTC_2e09d.dir\Debug\cmTC_2e09d.tlog\unsuccessfulbuild".
  Touching "cmTC_2e09d.dir\Debug\cmTC_2e09d.tlog\cmTC_2e09d.lastbuildstate".
Done Building Project "C:\Users\Christian\Documents\Lund\Project\CG_Labs\CMakeFiles\CMakeTmp\cmTC_2e09d.vcxproj" (default targets).

Build succeeded.
    0 Warning(s)
    0 Error(s)

Time Elapsed 00:00:01.08


    Feature record: CXX_FEATURE:1cxx_aggregate_default_initializers
    Feature record: CXX_FEATURE:1cxx_alias_templates
    Feature record: CXX_FEATURE:1cxx_alignas
    Feature record: CXX_FEATURE:1cxx_alignof
    Feature record: CXX_FEATURE:1cxx_attributes
    Feature record: CXX_FEATURE:1cxx_attribute_deprecated
    Feature record: CXX_FEATURE:1cxx_auto_type
    Feature record: CXX_FEATURE:1cxx_binary_literals
    Feature record: CXX_FEATURE:1cxx_constexpr
    Feature record: CXX_FEATURE:1cxx_contextual_conversions
    Feature record: CXX_FEATURE:1cxx_decltype
    Feature record: CXX_FEATURE:1cxx_decltype_auto
    Feature record: CXX_FEATURE:1cxx_default_function_template_args
    Feature record: CXX_FEATURE:1cxx_defaulted_functions
    Feature record: CXX_FEATURE:1cxx_defaulted_move_initializers
    Feature record: CXX_FEATURE:1cxx_delegating_constructors
    Feature record: CXX_FEATURE:1cxx_deleted_functions
    Feature record: CXX_FEATURE:1cxx_digit_separators
    Feature record: CXX_FEATURE:1cxx_enum_forward_declarations
    Feature record: CXX_FEATURE:1cxx_explicit_conversions
    Feature record: CXX_FEATURE:1cxx_extended_friend_declarations
    Feature record: CXX_FEATURE:1cxx_extern_templates
    Feature record: CXX_FEATURE:1cxx_final
    Feature record: CXX_FEATURE:1cxx_func_identifier
    Feature record: CXX_FEATURE:1cxx_generalized_initializers
    Feature record: CXX_FEATURE:1cxx_generic_lambdas
    Feature record: CXX_FEATURE:1cxx_inheriting_constructors
    Feature record: CXX_FEATURE:1cxx_inline_namespaces
    Feature record: CXX_FEATURE:1cxx_lambdas
    Feature record: CXX_FEATURE:1cxx_lambda_init_captures
    Feature record: CXX_FEATURE:1cxx_local_type_template_args
    Feature record: CXX_FEATURE:1cxx_long_long_type
    Feature record: CXX_FEATURE:1cxx_noexcept
    Feature record: CXX_FEATURE:1cxx_nonstatic_member_init
    Feature record: CXX_FEATURE:1cxx_nullptr
    Feature record: CXX_FEATURE:1cxx_override
    Feature record: CXX_FEATURE:1cxx_range_for
    Feature record: CXX_FEATURE:1cxx_raw_string_literals
    Feature record: CXX_FEATURE:1cxx_reference_qualified_functions
    Feature record: CXX_FEATURE:1cxx_return_type_deduction
    Feature record: CXX_FEATURE:1cxx_right_angle_brackets
    Feature record: CXX_FEATURE:1cxx_rvalue_references
    Feature record: CXX_FEATURE:1cxx_sizeof_member
    Feature record: CXX_FEATURE:1cxx_static_assert
    Feature record: CXX_FEATURE:1cxx_strong_enums
    Feature record: CXX_FEATURE:1cxx_template_template_parameters
    Feature record: CXX_FEATURE:1cxx_thread_local
    Feature record: CXX_FEATURE:1cxx_trailing_return_types
    Feature record: CXX_FEATURE:1cxx_unicode_literals
    Feature record: CXX_FEATURE:1cxx_uniform_initialization
    Feature record: CXX_FEATURE:1cxx_unrestricted_unions
    Feature record: CXX_FEATURE:1cxx_user_literals
    Feature record: CXX_FEATURE:1cxx_variable_templates
    Feature record: CXX_FEATURE:1cxx_variadic_macros
    Feature record: CXX_FEATURE:1cxx_variadic_templates
Determining if the C compiler works passed with the following output:
Change Dir: C:/Users/Christian/Documents/Lund/Project/CG_Labs/CMakeFiles/CMakeTmp

Run Build Command:"C:\Program Files (x86)\Microsoft Visual Studio\2017\Community/MSBuild/15.0/Bin/MSBuild.exe" "cmTC_785aa.vcxproj" "/p:Configuration=Debug" "/p:VisualStudioVersion=15.0"
Microsoft (R) Build Engine version 15.3.409.57025 for .NET Framework
Copyright (C) Microsoft Corporation. All rights reserved.

Build started 9/23/2017 5:17:39 PM.
Project "C:\Users\Christian\Documents\Lund\Project\CG_Labs\CMakeFiles\CMakeTmp\cmTC_785aa.vcxproj" on node 1 (default targets).
PrepareForBuild:
  Creating directory "cmTC_785aa.dir\Debug\".
  Creating directory "C:\Users\Christian\Documents\Lund\Project\CG_Labs\CMakeFiles\CMakeTmp\Debug\".
  Creating directory "cmTC_785aa.dir\Debug\cmTC_785aa.tlog\".
InitializeBuildStatus:
  Creating "cmTC_785aa.dir\Debug\cmTC_785aa.tlog\unsuccessfulbuild" because "AlwaysCreate" was specified.
ClCompile:
  C:\Program Files (x86)\Microsoft Visual Studio\2017\Community\VC\Tools\MSVC\14.11.25503\bin\HostX86\x86\CL.exe /c /Zi /W3 /WX- /diagnostics:classic /Od /Ob0 /Oy- /D WIN32 /D _WINDOWS /D "CMAKE_INTDIR=\"Debug\"" /D _MBCS /Gm- /RTC1 /MDd /GS /fp:precise /Zc:wchar_t /Zc:forScope /Zc:inline /Fo"cmTC_785aa.dir\Debug\\" /Fd"cmTC_785aa.dir\Debug\vc141.pdb" /Gd /TC /analyze- /errorReport:queue C:\Users\Christian\Documents\Lund\Project\CG_Labs\CMakeFiles\CMakeTmp\testCCompiler.c
  Microsoft (R) C/C++ Optimizing Compiler Version 19.11.25508.2 for x86
  Copyright (C) Microsoft Corporation.  All rights reserved.
  
  cl /c /Zi /W3 /WX- /diagnostics:classic /Od /Ob0 /Oy- /D WIN32 /D _WINDOWS /D "CMAKE_INTDIR=\"Debug\"" /D _MBCS /Gm- /RTC1 /MDd /GS /fp:precise /Zc:wchar_t /Zc:forScope /Zc:inline /Fo"cmTC_785aa.dir\Debug\\" /Fd"cmTC_785aa.dir\Debug\vc141.pdb" /Gd /TC /analyze- /errorReport:queue C:\Users\Christian\Documents\Lund\Project\CG_Labs\CMakeFiles\CMakeTmp\testCCompiler.c
  testCCompiler.c
  
Link:
  C:\Program Files (x86)\Microsoft Visual Studio\2017\Community\VC\Tools\MSVC\14.11.25503\bin\HostX86\x86\link.exe /ERRORREPORT:QUEUE /OUT:"C:\Users\Christian\Documents\Lund\Project\CG_Labs\CMakeFiles\CMakeTmp\Debug\cmTC_785aa.exe" /INCREMENTAL /NOLOGO kernel32.lib user32.lib gdi32.lib winspool.lib shell32.lib ole32.lib oleaut32.lib uuid.lib comdlg32.lib advapi32.lib /MANIFEST /MANIFESTUAC:"level='asInvoker' uiAccess='false'" /manifest:embed /DEBUG /PDB:"C:/Users/Christian/Documents/Lund/Project/CG_Labs/CMakeFiles/CMakeTmp/Debug/cmTC_785aa.pdb" /SUBSYSTEM:CONSOLE /TLBID:1 /DYNAMICBASE /NXCOMPAT /IMPLIB:"C:/Users/Christian/Documents/Lund/Project/CG_Labs/CMakeFiles/CMakeTmp/Debug/cmTC_785aa.lib" /MACHINE:X86 /SAFESEH  /machine:X86 cmTC_785aa.dir\Debug\testCCompiler.obj
  cmTC_785aa.vcxproj -> C:\Users\Christian\Documents\Lund\Project\CG_Labs\CMakeFiles\CMakeTmp\Debug\cmTC_785aa.exe
  cmTC_785aa.vcxproj -> C:/Users/Christian/Documents/Lund/Project/CG_Labs/CMakeFiles/CMakeTmp/Debug/cmTC_785aa.pdb (Full PDB)
FinalizeBuildStatus:
  Deleting file "cmTC_785aa.dir\Debug\cmTC_785aa.tlog\unsuccessfulbuild".
  Touching "cmTC_785aa.dir\Debug\cmTC_785aa.tlog\cmTC_785aa.lastbuildstate".
Done Building Project "C:\Users\Christian\Documents\Lund\Project\CG_Labs\CMakeFiles\CMakeTmp\cmTC_785aa.vcxproj" (default targets).

Build succeeded.
    0 Warning(s)
    0 Error(s)

Time Elapsed 00:00:01.62


Detecting C compiler ABI info compiled with the following output:
Change Dir: C:/Users/Christian/Documents/Lund/Project/CG_Labs/CMakeFiles/CMakeTmp

Run Build Command:"C:\Program Files (x86)\Microsoft Visual Studio\2017\Community/MSBuild/15.0/Bin/MSBuild.exe" "cmTC_fd083.vcxproj" "/p:Configuration=Debug" "/p:VisualStudioVersion=15.0"
Microsoft (R) Build Engine version 15.3.409.57025 for .NET Framework
Copyright (C) Microsoft Corporation. All rights reserved.

Build started 9/23/2017 5:17:41 PM.
Project "C:\Users\Christian\Documents\Lund\Project\CG_Labs\CMakeFiles\CMakeTmp\cmTC_fd083.vcxproj" on node 1 (default targets).
PrepareForBuild:
  Creating directory "cmTC_fd083.dir\Debug\".
  Creating directory "C:\Users\Christian\Documents\Lund\Project\CG_Labs\CMakeFiles\CMakeTmp\Debug\".
  Creating directory "cmTC_fd083.dir\Debug\cmTC_fd083.tlog\".
InitializeBuildStatus:
  Creating "cmTC_fd083.dir\Debug\cmTC_fd083.tlog\unsuccessfulbuild" because "AlwaysCreate" was specified.
ClCompile:
  C:\Program Files (x86)\Microsoft Visual Studio\2017\Community\VC\Tools\MSVC\14.11.25503\bin\HostX86\x86\CL.exe /c /Zi /W3 /WX- /diagnostics:classic /Od /Ob0 /Oy- /D WIN32 /D _WINDOWS /D "CMAKE_INTDIR=\"Debug\"" /D _MBCS /Gm- /RTC1 /MDd /GS /fp:precise /Zc:wchar_t /Zc:forScope /Zc:inline /Fo"cmTC_fd083.dir\Debug\\" /Fd"cmTC_fd083.dir\Debug\vc141.pdb" /Gd /TC /analyze- /errorReport:queue "C:\Program Files\CMake\share\cmake-3.9\Modules\CMakeCCompilerABI.c"
  Microsoft (R) C/C++ Optimizing Compiler Version 19.11.25508.2 for x86
  Copyright (C) Microsoft Corporation.  All rights reserved.
  
  cl /c /Zi /W3 /WX- /diagnostics:classic /Od /Ob0 /Oy- /D WIN32 /D _WINDOWS /D "CMAKE_INTDIR=\"Debug\"" /D _MBCS /Gm- /RTC1 /MDd /GS /fp:precise /Zc:wchar_t /Zc:forScope /Zc:inline /Fo"cmTC_fd083.dir\Debug\\" /Fd"cmTC_fd083.dir\Debug\vc141.pdb" /Gd /TC /analyze- /errorReport:queue "C:\Program Files\CMake\share\cmake-3.9\Modules\CMakeCCompilerABI.c"
  CMakeCCompilerABI.c
  
Link:
  C:\Program Files (x86)\Microsoft Visual Studio\2017\Community\VC\Tools\MSVC\14.11.25503\bin\HostX86\x86\link.exe /ERRORREPORT:QUEUE /OUT:"C:\Users\Christian\Documents\Lund\Project\CG_Labs\CMakeFiles\CMakeTmp\Debug\cmTC_fd083.exe" /INCREMENTAL /NOLOGO kernel32.lib user32.lib gdi32.lib winspool.lib shell32.lib ole32.lib oleaut32.lib uuid.lib comdlg32.lib advapi32.lib /MANIFEST /MANIFESTUAC:"level='asInvoker' uiAccess='false'" /manifest:embed /DEBUG /PDB:"C:/Users/Christian/Documents/Lund/Project/CG_Labs/CMakeFiles/CMakeTmp/Debug/cmTC_fd083.pdb" /SUBSYSTEM:CONSOLE /TLBID:1 /DYNAMICBASE /NXCOMPAT /IMPLIB:"C:/Users/Christian/Documents/Lund/Project/CG_Labs/CMakeFiles/CMakeTmp/Debug/cmTC_fd083.lib" /MACHINE:X86 /SAFESEH  /machine:X86 cmTC_fd083.dir\Debug\CMakeCCompilerABI.obj
  cmTC_fd083.vcxproj -> C:\Users\Christian\Documents\Lund\Project\CG_Labs\CMakeFiles\CMakeTmp\Debug\cmTC_fd083.exe
  cmTC_fd083.vcxproj -> C:/Users/Christian/Documents/Lund/Project/CG_Labs/CMakeFiles/CMakeTmp/Debug/cmTC_fd083.pdb (Full PDB)
FinalizeBuildStatus:
  Deleting file "cmTC_fd083.dir\Debug\cmTC_fd083.tlog\unsuccessfulbuild".
  Touching "cmTC_fd083.dir\Debug\cmTC_fd083.tlog\cmTC_fd083.lastbuildstate".
Done Building Project "C:\Users\Christian\Documents\Lund\Project\CG_Labs\CMakeFiles\CMakeTmp\cmTC_fd083.vcxproj" (default targets).

Build succeeded.
    0 Warning(s)
    0 Error(s)

Time Elapsed 00:00:01.00


Determining if the include file sys/types.h exists passed with the following output:
Change Dir: C:/Users/Christian/Documents/Lund/Project/CG_Labs/CMakeFiles/CMakeTmp

Run Build Command:"C:\Program Files (x86)\Microsoft Visual Studio\2017\Community/MSBuild/15.0/Bin/MSBuild.exe" "cmTC_6fe62.vcxproj" "/p:Configuration=Debug" "/p:VisualStudioVersion=15.0"
Microsoft (R) Build Engine version 15.3.409.57025 for .NET Framework
Copyright (C) Microsoft Corporation. All rights reserved.

Build started 9/23/2017 5:20:25 PM.
Project "C:\Users\Christian\Documents\Lund\Project\CG_Labs\CMakeFiles\CMakeTmp\cmTC_6fe62.vcxproj" on node 1 (default targets).
PrepareForBuild:
  Creating directory "cmTC_6fe62.dir\Debug\".
  Creating directory "C:\Users\Christian\Documents\Lund\Project\CG_Labs\CMakeFiles\CMakeTmp\Debug\".
  Creating directory "cmTC_6fe62.dir\Debug\cmTC_6fe62.tlog\".
InitializeBuildStatus:
  Creating "cmTC_6fe62.dir\Debug\cmTC_6fe62.tlog\unsuccessfulbuild" because "AlwaysCreate" was specified.
ClCompile:
  C:\Program Files (x86)\Microsoft Visual Studio\2017\Community\VC\Tools\MSVC\14.11.25503\bin\HostX86\x86\CL.exe /c /Zi /W3 /WX- /diagnostics:classic /Od /Ob0 /Oy- /D WIN32 /D _WINDOWS /D "CMAKE_INTDIR=\"Debug\"" /D _MBCS /Gm- /RTC1 /MDd /GS /fp:precise /Zc:wchar_t /Zc:forScope /Zc:inline /openmp /Fo"cmTC_6fe62.dir\Debug\\" /Fd"cmTC_6fe62.dir\Debug\vc141.pdb" /Gd /TC /analyze- /errorReport:queue C:\Users\Christian\Documents\Lund\Project\CG_Labs\CMakeFiles\CMakeTmp\CheckIncludeFile.c
  Microsoft (R) C/C++ Optimizing Compiler Version 19.11.25508.2 for x86
  Copyright (C) Microsoft Corporation.  All rights reserved.
  
  cl /c /Zi /W3 /WX- /diagnostics:classic /Od /Ob0 /Oy- /D WIN32 /D _WINDOWS /D "CMAKE_INTDIR=\"Debug\"" /D _MBCS /Gm- /RTC1 /MDd /GS /fp:precise /Zc:wchar_t /Zc:forScope /Zc:inline /openmp /Fo"cmTC_6fe62.dir\Debug\\" /Fd"cmTC_6fe62.dir\Debug\vc141.pdb" /Gd /TC /analyze- /errorReport:queue C:\Users\Christian\Documents\Lund\Project\CG_Labs\CMakeFiles\CMakeTmp\CheckIncludeFile.c
  CheckIncludeFile.c
  
Link:
  C:\Program Files (x86)\Microsoft Visual Studio\2017\Community\VC\Tools\MSVC\14.11.25503\bin\HostX86\x86\link.exe /ERRORREPORT:QUEUE /OUT:"C:\Users\Christian\Documents\Lund\Project\CG_Labs\CMakeFiles\CMakeTmp\Debug\cmTC_6fe62.exe" /INCREMENTAL /NOLOGO kernel32.lib user32.lib gdi32.lib winspool.lib shell32.lib ole32.lib oleaut32.lib uuid.lib comdlg32.lib advapi32.lib /MANIFEST /MANIFESTUAC:"level='asInvoker' uiAccess='false'" /manifest:embed /DEBUG /PDB:"C:/Users/Christian/Documents/Lund/Project/CG_Labs/CMakeFiles/CMakeTmp/Debug/cmTC_6fe62.pdb" /SUBSYSTEM:CONSOLE /TLBID:1 /DYNAMICBASE /NXCOMPAT /IMPLIB:"C:/Users/Christian/Documents/Lund/Project/CG_Labs/CMakeFiles/CMakeTmp/Debug/cmTC_6fe62.lib" /MACHINE:X86 /SAFESEH  /machine:X86 cmTC_6fe62.dir\Debug\CheckIncludeFile.obj
  cmTC_6fe62.vcxproj -> C:\Users\Christian\Documents\Lund\Project\CG_Labs\CMakeFiles\CMakeTmp\Debug\cmTC_6fe62.exe
  cmTC_6fe62.vcxproj -> C:/Users/Christian/Documents/Lund/Project/CG_Labs/CMakeFiles/CMakeTmp/Debug/cmTC_6fe62.pdb (Full PDB)
FinalizeBuildStatus:
  Deleting file "cmTC_6fe62.dir\Debug\cmTC_6fe62.tlog\unsuccessfulbuild".
  Touching "cmTC_6fe62.dir\Debug\cmTC_6fe62.tlog\cmTC_6fe62.lastbuildstate".
Done Building Project "C:\Users\Christian\Documents\Lund\Project\CG_Labs\CMakeFiles\CMakeTmp\cmTC_6fe62.vcxproj" (default targets).

Build succeeded.
    0 Warning(s)
    0 Error(s)

Time Elapsed 00:00:01.33


Determining if the include file stdint.h exists passed with the following output:
Change Dir: C:/Users/Christian/Documents/Lund/Project/CG_Labs/CMakeFiles/CMakeTmp

Run Build Command:"C:\Program Files (x86)\Microsoft Visual Studio\2017\Community/MSBuild/15.0/Bin/MSBuild.exe" "cmTC_04dc2.vcxproj" "/p:Configuration=Debug" "/p:VisualStudioVersion=15.0"
Microsoft (R) Build Engine version 15.3.409.57025 for .NET Framework
Copyright (C) Microsoft Corporation. All rights reserved.

Build started 9/23/2017 5:20:27 PM.
Project "C:\Users\Christian\Documents\Lund\Project\CG_Labs\CMakeFiles\CMakeTmp\cmTC_04dc2.vcxproj" on node 1 (default targets).
PrepareForBuild:
  Creating directory "cmTC_04dc2.dir\Debug\".
  Creating directory "C:\Users\Christian\Documents\Lund\Project\CG_Labs\CMakeFiles\CMakeTmp\Debug\".
  Creating directory "cmTC_04dc2.dir\Debug\cmTC_04dc2.tlog\".
InitializeBuildStatus:
  Creating "cmTC_04dc2.dir\Debug\cmTC_04dc2.tlog\unsuccessfulbuild" because "AlwaysCreate" was specified.
ClCompile:
  C:\Program Files (x86)\Microsoft Visual Studio\2017\Community\VC\Tools\MSVC\14.11.25503\bin\HostX86\x86\CL.exe /c /Zi /W3 /WX- /diagnostics:classic /Od /Ob0 /Oy- /D WIN32 /D _WINDOWS /D "CMAKE_INTDIR=\"Debug\"" /D _MBCS /Gm- /RTC1 /MDd /GS /fp:precise /Zc:wchar_t /Zc:forScope /Zc:inline /openmp /Fo"cmTC_04dc2.dir\Debug\\" /Fd"cmTC_04dc2.dir\Debug\vc141.pdb" /Gd /TC /analyze- /errorReport:queue C:\Users\Christian\Documents\Lund\Project\CG_Labs\CMakeFiles\CMakeTmp\CheckIncludeFile.c
  Microsoft (R) C/C++ Optimizing Compiler Version 19.11.25508.2 for x86
  Copyright (C) Microsoft Corporation.  All rights reserved.
  
  cl /c /Zi /W3 /WX- /diagnostics:classic /Od /Ob0 /Oy- /D WIN32 /D _WINDOWS /D "CMAKE_INTDIR=\"Debug\"" /D _MBCS /Gm- /RTC1 /MDd /GS /fp:precise /Zc:wchar_t /Zc:forScope /Zc:inline /openmp /Fo"cmTC_04dc2.dir\Debug\\" /Fd"cmTC_04dc2.dir\Debug\vc141.pdb" /Gd /TC /analyze- /errorReport:queue C:\Users\Christian\Documents\Lund\Project\CG_Labs\CMakeFiles\CMakeTmp\CheckIncludeFile.c
  CheckIncludeFile.c
  
Link:
  C:\Program Files (x86)\Microsoft Visual Studio\2017\Community\VC\Tools\MSVC\14.11.25503\bin\HostX86\x86\link.exe /ERRORREPORT:QUEUE /OUT:"C:\Users\Christian\Documents\Lund\Project\CG_Labs\CMakeFiles\CMakeTmp\Debug\cmTC_04dc2.exe" /INCREMENTAL /NOLOGO kernel32.lib user32.lib gdi32.lib winspool.lib shell32.lib ole32.lib oleaut32.lib uuid.lib comdlg32.lib advapi32.lib /MANIFEST /MANIFESTUAC:"level='asInvoker' uiAccess='false'" /manifest:embed /DEBUG /PDB:"C:/Users/Christian/Documents/Lund/Project/CG_Labs/CMakeFiles/CMakeTmp/Debug/cmTC_04dc2.pdb" /SUBSYSTEM:CONSOLE /TLBID:1 /DYNAMICBASE /NXCOMPAT /IMPLIB:"C:/Users/Christian/Documents/Lund/Project/CG_Labs/CMakeFiles/CMakeTmp/Debug/cmTC_04dc2.lib" /MACHINE:X86 /SAFESEH  /machine:X86 cmTC_04dc2.dir\Debug\CheckIncludeFile.obj
  cmTC_04dc2.vcxproj -> C:\Users\Christian\Documents\Lund\Project\CG_Labs\CMakeFiles\CMakeTmp\Debug\cmTC_04dc2.exe
  cmTC_04dc2.vcxproj -> C:/Users/Christian/Documents/Lund/Project/CG_Labs/CMakeFiles/CMakeTmp/Debug/cmTC_04dc2.pdb (Full PDB)
FinalizeBuildStatus:
  Deleting file "cmTC_04dc2.dir\Debug\cmTC_04dc2.tlog\unsuccessfulbuild".
  Touching "cmTC_04dc2.dir\Debug\cmTC_04dc2.tlog\cmTC_04dc2.lastbuildstate".
Done Building Project "C:\Users\Christian\Documents\Lund\Project\CG_Labs\CMakeFiles\CMakeTmp\cmTC_04dc2.vcxproj" (default targets).

Build succeeded.
    0 Warning(s)
    0 Error(s)

Time Elapsed 00:00:01.39


Determining if the include file stddef.h exists passed with the following output:
Change Dir: C:/Users/Christian/Documents/Lund/Project/CG_Labs/CMakeFiles/CMakeTmp

Run Build Command:"C:\Program Files (x86)\Microsoft Visual Studio\2017\Community/MSBuild/15.0/Bin/MSBuild.exe" "cmTC_768cf.vcxproj" "/p:Configuration=Debug" "/p:VisualStudioVersion=15.0"
Microsoft (R) Build Engine version 15.3.409.57025 for .NET Framework
Copyright (C) Microsoft Corporation. All rights reserved.

Build started 9/23/2017 5:20:28 PM.
Project "C:\Users\Christian\Documents\Lund\Project\CG_Labs\CMakeFiles\CMakeTmp\cmTC_768cf.vcxproj" on node 1 (default targets).
PrepareForBuild:
  Creating directory "cmTC_768cf.dir\Debug\".
  Creating directory "C:\Users\Christian\Documents\Lund\Project\CG_Labs\CMakeFiles\CMakeTmp\Debug\".
  Creating directory "cmTC_768cf.dir\Debug\cmTC_768cf.tlog\".
InitializeBuildStatus:
  Creating "cmTC_768cf.dir\Debug\cmTC_768cf.tlog\unsuccessfulbuild" because "AlwaysCreate" was specified.
ClCompile:
  C:\Program Files (x86)\Microsoft Visual Studio\2017\Community\VC\Tools\MSVC\14.11.25503\bin\HostX86\x86\CL.exe /c /Zi /W3 /WX- /diagnostics:classic /Od /Ob0 /Oy- /D WIN32 /D _WINDOWS /D "CMAKE_INTDIR=\"Debug\"" /D _MBCS /Gm- /RTC1 /MDd /GS /fp:precise /Zc:wchar_t /Zc:forScope /Zc:inline /openmp /Fo"cmTC_768cf.dir\Debug\\" /Fd"cmTC_768cf.dir\Debug\vc141.pdb" /Gd /TC /analyze- /errorReport:queue C:\Users\Christian\Documents\Lund\Project\CG_Labs\CMakeFiles\CMakeTmp\CheckIncludeFile.c
  Microsoft (R) C/C++ Optimizing Compiler Version 19.11.25508.2 for x86
  Copyright (C) Microsoft Corporation.  All rights reserved.
  
  cl /c /Zi /W3 /WX- /diagnostics:classic /Od /Ob0 /Oy- /D WIN32 /D _WINDOWS /D "CMAKE_INTDIR=\"Debug\"" /D _MBCS /Gm- /RTC1 /MDd /GS /fp:precise /Zc:wchar_t /Zc:forScope /Zc:inline /openmp /Fo"cmTC_768cf.dir\Debug\\" /Fd"cmTC_768cf.dir\Debug\vc141.pdb" /Gd /TC /analyze- /errorReport:queue C:\Users\Christian\Documents\Lund\Project\CG_Labs\CMakeFiles\CMakeTmp\CheckIncludeFile.c
  CheckIncludeFile.c
  
Link:
  C:\Program Files (x86)\Microsoft Visual Studio\2017\Community\VC\Tools\MSVC\14.11.25503\bin\HostX86\x86\link.exe /ERRORREPORT:QUEUE /OUT:"C:\Users\Christian\Documents\Lund\Project\CG_Labs\CMakeFiles\CMakeTmp\Debug\cmTC_768cf.exe" /INCREMENTAL /NOLOGO kernel32.lib user32.lib gdi32.lib winspool.lib shell32.lib ole32.lib oleaut32.lib uuid.lib comdlg32.lib advapi32.lib /MANIFEST /MANIFESTUAC:"level='asInvoker' uiAccess='false'" /manifest:embed /DEBUG /PDB:"C:/Users/Christian/Documents/Lund/Project/CG_Labs/CMakeFiles/CMakeTmp/Debug/cmTC_768cf.pdb" /SUBSYSTEM:CONSOLE /TLBID:1 /DYNAMICBASE /NXCOMPAT /IMPLIB:"C:/Users/Christian/Documents/Lund/Project/CG_Labs/CMakeFiles/CMakeTmp/Debug/cmTC_768cf.lib" /MACHINE:X86 /SAFESEH  /machine:X86 cmTC_768cf.dir\Debug\CheckIncludeFile.obj
  cmTC_768cf.vcxproj -> C:\Users\Christian\Documents\Lund\Project\CG_Labs\CMakeFiles\CMakeTmp\Debug\cmTC_768cf.exe
  cmTC_768cf.vcxproj -> C:/Users/Christian/Documents/Lund/Project/CG_Labs/CMakeFiles/CMakeTmp/Debug/cmTC_768cf.pdb (Full PDB)
FinalizeBuildStatus:
  Deleting file "cmTC_768cf.dir\Debug\cmTC_768cf.tlog\unsuccessfulbuild".
  Touching "cmTC_768cf.dir\Debug\cmTC_768cf.tlog\cmTC_768cf.lastbuildstate".
Done Building Project "C:\Users\Christian\Documents\Lund\Project\CG_Labs\CMakeFiles\CMakeTmp\cmTC_768cf.vcxproj" (default targets).

Build succeeded.
    0 Warning(s)
    0 Error(s)

Time Elapsed 00:00:01.38


